#
# There is insufficient memory for the Java Runtime Environment to continue.
# Native memory allocation (malloc) failed to allocate 627216 bytes. Error detail: Chunk::new
# Possible reasons:
#   The system is out of physical RAM or swap space
#   This process is running with CompressedOops enabled, and the Java Heap may be blocking the growth of the native heap
# Possible solutions:
#   Reduce memory load on the system
#   Increase physical memory or swap space
#   Check if swap backing store is full
#   Decrease Java heap size (-Xmx/-Xms)
#   Decrease number of Java threads
#   Decrease Java thread stack sizes (-Xss)
#   Set larger code cache with -XX:ReservedCodeCacheSize=
#   JVM is running with Unscaled Compressed Oops mode in which the Java heap is
#     placed in the first 4GB address space. The Java Heap base address is the
#     maximum limit for the native heap growth. Please use -XX:HeapBaseMinAddress
#     to set the Java Heap base and to place the Java Heap above 4GB virtual address.
# This output file may be truncated or incomplete.
#
#  Out of Memory Error (arena.cpp:191), pid=2340, tid=13156
#
# JRE version: OpenJDK Runtime Environment Temurin-17.0.13+11 (17.0.13+11) (build 17.0.13+11)
# Java VM: OpenJDK 64-Bit Server VM Temurin-17.0.13+11 (17.0.13+11, mixed mode, tiered, compressed oops, compressed class ptrs, parallel gc, windows-amd64)
# No core dump will be written. Minidumps are not enabled by default on client versions of Windows
#

---------------  S U M M A R Y ------------

Command Line: --add-modules=ALL-SYSTEM --add-opens=java.base/java.util=ALL-UNNAMED --add-opens=java.base/java.lang=ALL-UNNAMED --add-opens=java.base/sun.nio.fs=ALL-UNNAMED -Declipse.application=org.eclipse.jdt.ls.core.id1 -Dosgi.bundles.defaultStartLevel=4 -Declipse.product=org.eclipse.jdt.ls.core.product -Djava.import.generatesMetadataFilesAtProjectRoot=false -DDetectVMInstallationsJob.disabled=true -Dfile.encoding=utf8 -XX:+UseParallelGC -XX:GCTimeRatio=4 -XX:AdaptiveSizePolicyWeight=90 -Dsun.zip.disableMemoryMapping=true -Xmx1G -Xms100m -Xlog:disable -javaagent:c:\Users\admin\.vscode\extensions\redhat.java-1.36.0-win32-x64\lombok\lombok-1.18.35.jar -XX:+HeapDumpOnOutOfMemoryError -XX:HeapDumpPath=c:\Users\admin\AppData\Roaming\Code\User\workspaceStorage\fb35b4208c1a76ab1114ea2d4130e2df\redhat.java -Daether.dependencyCollector.impl=bf c:\Users\admin\.vscode\extensions\redhat.java-1.36.0-win32-x64\server\plugins\org.eclipse.equinox.launcher_1.6.900.v20240613-2009.jar -configuration c:\Users\admin\AppData\Roaming\Code\User\globalStorage\redhat.java\1.36.0\config_win -data c:\Users\admin\AppData\Roaming\Code\User\workspaceStorage\fb35b4208c1a76ab1114ea2d4130e2df\redhat.java\jdt_ws --pipe=\\.\pipe\lsp-950a08a01166bf3eb84cb6a3532e60b1-sock

Host: 11th Gen Intel(R) Core(TM) i5-11400H @ 2.70GHz, 12 cores, 7G,  Windows 11 , 64 bit Build 22621 (10.0.22621.4391)
Time: Wed Nov 13 12:22:55 2024 Qyzylorda Standard Time elapsed time: 2.128334 seconds (0d 0h 0m 2s)

---------------  T H R E A D  ---------------

Current thread (0x00000261d3727050):  JavaThread "C2 CompilerThread0" daemon [_thread_in_native, id=13156, stack(0x000000b397a00000,0x000000b397b00000)]


Current CompileTask:
C2:   2128 1472       4       java.io.WinNTFileSystem::normalize (143 bytes)

Stack: [0x000000b397a00000,0x000000b397b00000]
Native frames: (J=compiled Java code, j=interpreted, Vv=VM code, C=native code)
V  [jvm.dll+0x682a19]
V  [jvm.dll+0x839538]
V  [jvm.dll+0x83afe3]
V  [jvm.dll+0x83b653]
V  [jvm.dll+0x24704f]
V  [jvm.dll+0xace34]
V  [jvm.dll+0xad4cc]
V  [jvm.dll+0x36592f]
V  [jvm.dll+0x32fbd8]
V  [jvm.dll+0x32f05a]
V  [jvm.dll+0x21804f]
V  [jvm.dll+0x21748f]
V  [jvm.dll+0x1a3070]
V  [jvm.dll+0x22788c]
V  [jvm.dll+0x2259eb]
V  [jvm.dll+0x7eec98]
V  [jvm.dll+0x7e8ffc]
V  [jvm.dll+0x6818f7]
C  [ucrtbase.dll+0x29333]
C  [KERNEL32.DLL+0x1259d]
C  [ntdll.dll+0x5af38]


---------------  P R O C E S S  ---------------

Threads class SMR info:
_java_thread_list=0x00000261d58604f0, length=13, elements={
0x00000261ba79e160, 0x00000261ce626010, 0x00000261ce628380, 0x00000261d36f0090,
0x00000261d371b010, 0x00000261d371c280, 0x00000261d371ed50, 0x00000261d3727050,
0x00000261d37281f0, 0x00000261d37313c0, 0x00000261d386b7e0, 0x00000261d4f9f610,
0x00000261d587e8e0
}

Java Threads: ( => current thread )
  0x00000261ba79e160 JavaThread "main" [_thread_in_vm, id=12784, stack(0x000000b397100000,0x000000b397200000)]
  0x00000261ce626010 JavaThread "Reference Handler" daemon [_thread_blocked, id=8320, stack(0x000000b397400000,0x000000b397500000)]
  0x00000261ce628380 JavaThread "Finalizer" daemon [_thread_blocked, id=1076, stack(0x000000b397500000,0x000000b397600000)]
  0x00000261d36f0090 JavaThread "Signal Dispatcher" daemon [_thread_blocked, id=16220, stack(0x000000b397600000,0x000000b397700000)]
  0x00000261d371b010 JavaThread "Attach Listener" daemon [_thread_blocked, id=26036, stack(0x000000b397700000,0x000000b397800000)]
  0x00000261d371c280 JavaThread "Service Thread" daemon [_thread_blocked, id=23584, stack(0x000000b397800000,0x000000b397900000)]
  0x00000261d371ed50 JavaThread "Monitor Deflation Thread" daemon [_thread_blocked, id=25808, stack(0x000000b397900000,0x000000b397a00000)]
=>0x00000261d3727050 JavaThread "C2 CompilerThread0" daemon [_thread_in_native, id=13156, stack(0x000000b397a00000,0x000000b397b00000)]
  0x00000261d37281f0 JavaThread "C1 CompilerThread0" daemon [_thread_blocked, id=19348, stack(0x000000b397b00000,0x000000b397c00000)]
  0x00000261d37313c0 JavaThread "Sweeper thread" daemon [_thread_blocked, id=20900, stack(0x000000b397c00000,0x000000b397d00000)]
  0x00000261d386b7e0 JavaThread "Common-Cleaner" daemon [_thread_blocked, id=18468, stack(0x000000b397d00000,0x000000b397e00000)]
  0x00000261d4f9f610 JavaThread "Notification Thread" daemon [_thread_blocked, id=19304, stack(0x000000b397e00000,0x000000b397f00000)]
  0x00000261d587e8e0 JavaThread "Active Thread: Equinox Container: 18df9dcf-7fd2-4fd8-82a1-4d9db24a6d88" [_thread_blocked, id=18588, stack(0x000000b398600000,0x000000b398700000)]

Other Threads:
  0x00000261d36e3c70 VMThread "VM Thread" [stack: 0x000000b397300000,0x000000b397400000] [id=4680]
  0x00000261d4ee7b80 WatcherThread [stack: 0x000000b397f00000,0x000000b398000000] [id=11980]
  0x00000261ba7b5880 GCTaskThread "GC Thread#0" [stack: 0x000000b397200000,0x000000b397300000] [id=600]
  0x00000261d55a9c20 GCTaskThread "GC Thread#1" [stack: 0x000000b398000000,0x000000b398100000] [id=13860]
  0x00000261d5368480 GCTaskThread "GC Thread#2" [stack: 0x000000b398100000,0x000000b398200000] [id=1644]
  0x00000261d5368740 GCTaskThread "GC Thread#3" [stack: 0x000000b398200000,0x000000b398300000] [id=13748]
  0x00000261d5368a00 GCTaskThread "GC Thread#4" [stack: 0x000000b398300000,0x000000b398400000] [id=21488]
  0x00000261d5351f90 GCTaskThread "GC Thread#5" [stack: 0x000000b398400000,0x000000b398500000] [id=4176]
  0x00000261d5352250 GCTaskThread "GC Thread#6" [stack: 0x000000b398500000,0x000000b398600000] [id=25328]

Threads with active compile tasks:
C2 CompilerThread0     2153 1472       4       java.io.WinNTFileSystem::normalize (143 bytes)

VM state: not at safepoint (normal execution)

VM Mutex/Monitor currently owned by a thread:  ([mutex/lock_event])
[0x00000261ba799fb0] Metaspace_lock - owner thread: 0x00000261ba79e160

OutOfMemory and StackOverflow Exception counts:
OutOfMemoryError java_heap_errors=1
LinkageErrors=11

Heap address: 0x00000000c0000000, size: 1024 MB, Compressed Oops mode: 32-bit

CDS archive(s) not mapped
Compressed class space mapped at: 0x0000000100000000-0x0000000140000000, reserved size: 1073741824
Narrow klass base: 0x0000000000000000, Narrow klass shift: 3, Narrow klass range: 0x140000000

GC Precious Log:
 CPUs: 12 total, 12 available
 Memory: 7971M
 Large Page Support: Disabled
 NUMA Support: Disabled
 Compressed Oops: Enabled (32-bit)
 Alignments: Space 512K, Generation 512K, Heap 2M
 Heap Min Capacity: 100M
 Heap Initial Capacity: 100M
 Heap Max Capacity: 1G
 Pre-touch: Disabled
 Parallel Workers: 10

Heap:
 PSYoungGen      total 29696K, used 26867K [0x00000000eab00000, 0x00000000ecc00000, 0x0000000100000000)
  eden space 25600K, 92% used [0x00000000eab00000,0x00000000ec22d738,0x00000000ec400000)
  from space 4096K, 76% used [0x00000000ec400000,0x00000000ec70f7c8,0x00000000ec800000)
  to   space 4096K, 0% used [0x00000000ec800000,0x00000000ec800000,0x00000000ecc00000)
 ParOldGen       total 68608K, used 16K [0x00000000c0000000, 0x00000000c4300000, 0x00000000eab00000)
  object space 68608K, 0% used [0x00000000c0000000,0x00000000c0004000,0x00000000c4300000)
 Metaspace       used 14127K, committed 14272K, reserved 1114112K
  class space    used 1400K, committed 1472K, reserved 1048576K

Card table byte_map: [0x00000261ba160000,0x00000261ba370000] _byte_map_base: 0x00000261b9b60000

Marking Bits: (ParMarkBitMap*) 0x00007ffa6a1f6940
 Begin Bits: [0x00000261cc430000, 0x00000261cd430000)
 End Bits:   [0x00000261cd430000, 0x00000261ce430000)

Polling page: 0x00000261b9f50000

Metaspace:

Usage:
  Non-class:     12.43 MB used.
      Class:      1.37 MB used.
       Both:     13.80 MB used.

Virtual space:
  Non-class space:       64.00 MB reserved,      12.50 MB ( 20%) committed,  1 nodes.
      Class space:        1.00 GB reserved,       1.44 MB ( <1%) committed,  1 nodes.
             Both:        1.06 GB reserved,      13.94 MB (  1%) committed. 

Chunk freelists:
   Non-Class:  3.22 MB
       Class:  14.47 MB
        Both:  17.69 MB

MaxMetaspaceSize: unlimited
CompressedClassSpaceSize: 1.00 GB
Initial GC threshold: 21.00 MB
Current GC threshold: 21.00 MB
CDS: off
MetaspaceReclaimPolicy: balanced
 - commit_granule_bytes: 65536.
 - commit_granule_words: 8192.
 - virtual_space_node_default_size: 8388608.
 - enlarge_chunks_in_place: 1.
 - new_chunks_are_fully_committed: 0.
 - uncommit_free_chunks: 1.
 - use_allocation_guard: 0.
 - handle_deallocations: 1.


Internal statistics:

num_allocs_failed_limit: 0.
num_arena_births: 58.
num_arena_deaths: 0.
num_vsnodes_births: 2.
num_vsnodes_deaths: 0.
num_space_committed: 223.
num_space_uncommitted: 0.
num_chunks_returned_to_freelist: 0.
num_chunks_taken_from_freelist: 236.
num_chunk_merges: 0.
num_chunk_splits: 153.
num_chunks_enlarged: 121.
num_inconsistent_stats: 0.

CodeHeap 'non-profiled nmethods': size=120000Kb used=587Kb max_used=587Kb free=119412Kb
 bounds [0x00000261c4f00000, 0x00000261c5170000, 0x00000261cc430000]
CodeHeap 'profiled nmethods': size=120000Kb used=2775Kb max_used=2775Kb free=117225Kb
 bounds [0x00000261bd430000, 0x00000261bd6f0000, 0x00000261c4960000]
CodeHeap 'non-nmethods': size=5760Kb used=1172Kb max_used=1185Kb free=4587Kb
 bounds [0x00000261c4960000, 0x00000261c4bd0000, 0x00000261c4f00000]
 total_blobs=1957 nmethods=1501 adapters=370
 compilation: enabled
              stopped_count=0, restarted_count=0
 full_count=0

Compilation events (20 events):
Event: 2.108 Thread 0x00000261d37281f0 1486       1       org.eclipse.osgi.internal.framework.EquinoxBundle$EquinoxModule::getBundle (5 bytes)
Event: 2.108 Thread 0x00000261d37281f0 nmethod 1486 0x00000261c4f91890 code [0x00000261c4f91a20, 0x00000261c4f91af8]
Event: 2.111 Thread 0x00000261d37281f0 1488       1       org.eclipse.osgi.container.Module::getLocation (5 bytes)
Event: 2.111 Thread 0x00000261d37281f0 nmethod 1488 0x00000261c4f91b90 code [0x00000261c4f91d20, 0x00000261c4f91df8]
Event: 2.111 Thread 0x00000261d37281f0 1491       3       org.eclipse.osgi.internal.framework.EquinoxBundle::getBundle (2 bytes)
Event: 2.111 Thread 0x00000261d37281f0 nmethod 1491 0x00000261bd6ddc10 code [0x00000261bd6ddda0, 0x00000261bd6ddeb8]
Event: 2.111 Thread 0x00000261d37281f0 1489       3       org.eclipse.osgi.internal.framework.EquinoxContainer::checkAdminPermission (27 bytes)
Event: 2.111 Thread 0x00000261d37281f0 nmethod 1489 0x00000261bd6ddf90 code [0x00000261bd6de180, 0x00000261bd6de5f8]
Event: 2.111 Thread 0x00000261d37281f0 1490       3       org.eclipse.osgi.internal.framework.EquinoxBundle::getLocation (21 bytes)
Event: 2.112 Thread 0x00000261d37281f0 nmethod 1490 0x00000261bd6de810 code [0x00000261bd6de9c0, 0x00000261bd6dec28]
Event: 2.115 Thread 0x00000261d37281f0 1495       3       java.net.URLClassLoader$1::run (5 bytes)
Event: 2.115 Thread 0x00000261d37281f0 nmethod 1495 0x00000261bd6ded90 code [0x00000261bd6def40, 0x00000261bd6df088]
Event: 2.115 Thread 0x00000261d37281f0 1496   !   3       java.net.URLClassLoader$1::run (81 bytes)
Event: 2.118 Thread 0x00000261d37281f0 nmethod 1496 0x00000261bd6df110 code [0x00000261bd6df4a0, 0x00000261bd6e09a8]
Event: 2.118 Thread 0x00000261d37281f0 1497       3       java.security.CodeSource::<init> (52 bytes)
Event: 2.119 Thread 0x00000261d37281f0 nmethod 1497 0x00000261bd6e1210 code [0x00000261bd6e13e0, 0x00000261bd6e1818]
Event: 2.119 Thread 0x00000261d37281f0 1498       3       java.security.SecureClassLoader::defineClass (16 bytes)
Event: 2.119 Thread 0x00000261d37281f0 nmethod 1498 0x00000261bd6e1990 code [0x00000261bd6e1b40, 0x00000261bd6e1cd8]
Event: 2.119 Thread 0x00000261d37281f0 1499       3       java.lang.invoke.MemberName::getType (19 bytes)
Event: 2.119 Thread 0x00000261d37281f0 nmethod 1499 0x00000261bd6e1d90 code [0x00000261bd6e1f60, 0x00000261bd6e22f8]

GC Heap History (2 events):
Event: 1.195 GC heap before
{Heap before GC invocations=1 (full 0):
 PSYoungGen      total 29696K, used 25600K [0x00000000eab00000, 0x00000000ecc00000, 0x0000000100000000)
  eden space 25600K, 100% used [0x00000000eab00000,0x00000000ec400000,0x00000000ec400000)
  from space 4096K, 0% used [0x00000000ec800000,0x00000000ec800000,0x00000000ecc00000)
  to   space 4096K, 0% used [0x00000000ec400000,0x00000000ec400000,0x00000000ec800000)
 ParOldGen       total 68608K, used 0K [0x00000000c0000000, 0x00000000c4300000, 0x00000000eab00000)
  object space 68608K, 0% used [0x00000000c0000000,0x00000000c0000000,0x00000000c4300000)
 Metaspace       used 10942K, committed 11136K, reserved 1114112K
  class space    used 1087K, committed 1152K, reserved 1048576K
}
Event: 1.205 GC heap after
{Heap after GC invocations=1 (full 0):
 PSYoungGen      total 29696K, used 3133K [0x00000000eab00000, 0x00000000ecc00000, 0x0000000100000000)
  eden space 25600K, 0% used [0x00000000eab00000,0x00000000eab00000,0x00000000ec400000)
  from space 4096K, 76% used [0x00000000ec400000,0x00000000ec70f7c8,0x00000000ec800000)
  to   space 4096K, 0% used [0x00000000ec800000,0x00000000ec800000,0x00000000ecc00000)
 ParOldGen       total 68608K, used 16K [0x00000000c0000000, 0x00000000c4300000, 0x00000000eab00000)
  object space 68608K, 0% used [0x00000000c0000000,0x00000000c0004000,0x00000000c4300000)
 Metaspace       used 10942K, committed 11136K, reserved 1114112K
  class space    used 1087K, committed 1152K, reserved 1048576K
}

Dll operation events (8 events):
Event: 0.019 Loaded shared library c:\Users\admin\.vscode\extensions\redhat.java-1.36.0-win32-x64\jre\17.0.13-win32-x86_64\bin\java.dll
Event: 0.293 Loaded shared library c:\Users\admin\.vscode\extensions\redhat.java-1.36.0-win32-x64\jre\17.0.13-win32-x86_64\bin\zip.dll
Event: 0.298 Loaded shared library C:\Users\admin\.vscode\extensions\redhat.java-1.36.0-win32-x64\jre\17.0.13-win32-x86_64\bin\instrument.dll
Event: 0.317 Loaded shared library C:\Users\admin\.vscode\extensions\redhat.java-1.36.0-win32-x64\jre\17.0.13-win32-x86_64\bin\net.dll
Event: 0.321 Loaded shared library C:\Users\admin\.vscode\extensions\redhat.java-1.36.0-win32-x64\jre\17.0.13-win32-x86_64\bin\nio.dll
Event: 0.330 Loaded shared library C:\Users\admin\.vscode\extensions\redhat.java-1.36.0-win32-x64\jre\17.0.13-win32-x86_64\bin\zip.dll
Event: 0.352 Loaded shared library C:\Users\admin\.vscode\extensions\redhat.java-1.36.0-win32-x64\jre\17.0.13-win32-x86_64\bin\jimage.dll
Event: 0.433 Loaded shared library c:\Users\admin\.vscode\extensions\redhat.java-1.36.0-win32-x64\jre\17.0.13-win32-x86_64\bin\verify.dll

Deoptimization events (20 events):
Event: 1.949 Thread 0x00000261ba79e160 Uncommon trap: trap_request=0xffffffde fr.pc=0x00000261c4f580f0 relative=0x0000000000000970
Event: 1.949 Thread 0x00000261ba79e160 Uncommon trap: reason=class_check action=maybe_recompile pc=0x00000261c4f580f0 method=java.util.HashMap.putVal(ILjava/lang/Object;Ljava/lang/Object;ZZ)Ljava/lang/Object; @ 253 c2
Event: 1.949 Thread 0x00000261ba79e160 DEOPT PACKING pc=0x00000261c4f580f0 sp=0x000000b3971fdad0
Event: 1.949 Thread 0x00000261ba79e160 DEOPT UNPACKING pc=0x00000261c49b9ea3 sp=0x000000b3971fd9f8 mode 2
Event: 1.950 Thread 0x00000261ba79e160 Uncommon trap: trap_request=0xffffffde fr.pc=0x00000261c4f0f378 relative=0x0000000000000398
Event: 1.950 Thread 0x00000261ba79e160 Uncommon trap: reason=class_check action=maybe_recompile pc=0x00000261c4f0f378 method=java.util.HashMap.putVal(ILjava/lang/Object;Ljava/lang/Object;ZZ)Ljava/lang/Object; @ 253 c2
Event: 1.950 Thread 0x00000261ba79e160 DEOPT PACKING pc=0x00000261c4f0f378 sp=0x000000b3971fda50
Event: 1.950 Thread 0x00000261ba79e160 DEOPT UNPACKING pc=0x00000261c49b9ea3 sp=0x000000b3971fd9f0 mode 2
Event: 1.987 Thread 0x00000261ba79e160 DEOPT PACKING pc=0x00000261bd5373c4 sp=0x000000b3971fcbb0
Event: 1.987 Thread 0x00000261ba79e160 DEOPT UNPACKING pc=0x00000261c49ba9e3 sp=0x000000b3971fc020 mode 0
Event: 1.994 Thread 0x00000261ba79e160 DEOPT PACKING pc=0x00000261bd546c14 sp=0x000000b3971fc0c0
Event: 1.994 Thread 0x00000261ba79e160 DEOPT UNPACKING pc=0x00000261c49ba9e3 sp=0x000000b3971fb540 mode 0
Event: 2.001 Thread 0x00000261ba79e160 DEOPT PACKING pc=0x00000261bd546c14 sp=0x000000b3971fc020
Event: 2.001 Thread 0x00000261ba79e160 DEOPT UNPACKING pc=0x00000261c49ba9e3 sp=0x000000b3971fb4a0 mode 0
Event: 2.001 Thread 0x00000261ba79e160 Uncommon trap: trap_request=0xffffff45 fr.pc=0x00000261c4f411a0 relative=0x0000000000000100
Event: 2.001 Thread 0x00000261ba79e160 Uncommon trap: reason=unstable_if action=reinterpret pc=0x00000261c4f411a0 method=java.math.BigInteger.addOne([IIII)I @ 55 c2
Event: 2.001 Thread 0x00000261ba79e160 DEOPT PACKING pc=0x00000261c4f411a0 sp=0x000000b3971fc350
Event: 2.001 Thread 0x00000261ba79e160 DEOPT UNPACKING pc=0x00000261c49b9ea3 sp=0x000000b3971fc2d0 mode 2
Event: 2.002 Thread 0x00000261ba79e160 DEOPT PACKING pc=0x00000261bd546c14 sp=0x000000b3971fc310
Event: 2.002 Thread 0x00000261ba79e160 DEOPT UNPACKING pc=0x00000261c49ba9e3 sp=0x000000b3971fb790 mode 0

Classes loaded (20 events):
Event: 1.978 Loading class javax/xml/parsers/ParserConfigurationException
Event: 1.978 Loading class javax/xml/parsers/ParserConfigurationException done
Event: 1.981 Loading class java/security/KeyStoreException
Event: 1.981 Loading class java/security/KeyStoreException done
Event: 1.988 Loading class sun/security/x509/SubjectAlternativeNameExtension
Event: 1.988 Loading class sun/security/x509/SubjectAlternativeNameExtension done
Event: 1.989 Loading class sun/security/x509/RFC822Name
Event: 1.989 Loading class sun/security/x509/RFC822Name done
Event: 2.022 Loading class java/util/LinkedList$Node
Event: 2.022 Loading class java/util/LinkedList$Node done
Event: 2.022 Loading class java/util/LinkedList$ListItr
Event: 2.022 Loading class java/util/LinkedList$ListItr done
Event: 2.036 Loading class sun/nio/fs/WindowsChannelFactory
Event: 2.036 Loading class sun/nio/fs/WindowsChannelFactory done
Event: 2.036 Loading class sun/nio/fs/WindowsChannelFactory$1
Event: 2.037 Loading class sun/nio/fs/WindowsChannelFactory$1 done
Event: 2.037 Loading class sun/nio/fs/WindowsChannelFactory$Flags
Event: 2.037 Loading class sun/nio/fs/WindowsChannelFactory$Flags done
Event: 2.037 Loading class sun/nio/ch/FileChannelImpl$Closer
Event: 2.037 Loading class sun/nio/ch/FileChannelImpl$Closer done

Classes unloaded (0 events):
No events

Classes redefined (0 events):
No events

Internal exceptions (20 events):
Event: 0.815 Thread 0x00000261ba79e160 Exception <a 'java/io/FileNotFoundException'{0x00000000eb89e1d0}> (0x00000000eb89e1d0) 
thrown [s\src\hotspot\share\prims\jni.cpp, line 516]
Event: 0.815 Thread 0x00000261ba79e160 Exception <a 'java/io/FileNotFoundException'{0x00000000eb89ef60}> (0x00000000eb89ef60) 
thrown [s\src\hotspot\share\prims\jni.cpp, line 516]
Event: 0.815 Thread 0x00000261ba79e160 Exception <a 'java/io/FileNotFoundException'{0x00000000eb89fcd0}> (0x00000000eb89fcd0) 
thrown [s\src\hotspot\share\prims\jni.cpp, line 516]
Event: 0.816 Thread 0x00000261ba79e160 Exception <a 'java/io/FileNotFoundException'{0x00000000eb8a0a10}> (0x00000000eb8a0a10) 
thrown [s\src\hotspot\share\prims\jni.cpp, line 516]
Event: 0.822 Thread 0x00000261ba79e160 Implicit null exception at 0x00000261c4f273f2 to 0x00000261c4f27968
Event: 0.826 Thread 0x00000261ba79e160 Exception <a 'java/io/FileNotFoundException'{0x00000000eb8db5c8}> (0x00000000eb8db5c8) 
thrown [s\src\hotspot\share\prims\jni.cpp, line 516]
Event: 1.056 Thread 0x00000261ba79e160 Exception <a 'java/lang/ClassNotFoundException'{0x00000000ec10df58}: sun/net/www/protocol/c/Handler> (0x00000000ec10df58) 
thrown [s\src\hotspot\share\classfile\systemDictionary.cpp, line 256]
Event: 1.056 Thread 0x00000261ba79e160 Exception <a 'java/lang/ClassNotFoundException'{0x00000000ec10f378}: sun/net/www/protocol/c/Handler> (0x00000000ec10f378) 
thrown [s\src\hotspot\share\classfile\systemDictionary.cpp, line 256]
Event: 1.056 Thread 0x00000261ba79e160 Exception <a 'java/lang/ClassNotFoundException'{0x00000000ec110658}: sun/net/www/protocol/c/Handler> (0x00000000ec110658) 
thrown [s\src\hotspot\share\classfile\systemDictionary.cpp, line 256]
Event: 1.068 Thread 0x00000261ba79e160 Exception <a 'java/io/FileNotFoundException'{0x00000000ec139410}> (0x00000000ec139410) 
thrown [s\src\hotspot\share\prims\jni.cpp, line 516]
Event: 1.214 Thread 0x00000261ba79e160 Exception <a 'java/lang/NoSuchMethodError'{0x00000000eab20dc8}: 'int java.lang.invoke.DirectMethodHandle$Holder.invokeStaticInit(java.lang.Object, java.lang.Object, java.lang.Object, java.lang.Object)'> (0x00000000eab20dc8) 
thrown [s\src\hotspot\share\interpreter\linkResolver.cpp, line 759]
Event: 1.216 Thread 0x00000261ba79e160 Exception <a 'java/lang/NoSuchMethodError'{0x00000000eab2b530}: 'java.lang.Object java.lang.invoke.DirectMethodHandle$Holder.invokeInterface(java.lang.Object, java.lang.Object)'> (0x00000000eab2b530) 
thrown [s\src\hotspot\share\interpreter\linkResolver.cpp, line 759]
Event: 1.217 Thread 0x00000261ba79e160 Exception <a 'java/lang/IncompatibleClassChangeError'{0x00000000eab2ed28}: Found class java.lang.Object, but interface was expected> (0x00000000eab2ed28) 
thrown [s\src\hotspot\share\interpreter\linkResolver.cpp, line 826]
Event: 1.217 Thread 0x00000261ba79e160 Exception <a 'java/lang/NoSuchMethodError'{0x00000000eab33208}: 'void java.lang.invoke.DirectMethodHandle$Holder.invokeStatic(java.lang.Object, java.lang.Object)'> (0x00000000eab33208) 
thrown [s\src\hotspot\share\interpreter\linkResolver.cpp, line 759]
Event: 1.218 Thread 0x00000261ba79e160 Exception <a 'java/lang/NoSuchMethodError'{0x00000000eab36a08}: 'void java.lang.invoke.DirectMethodHandle$Holder.invokeStaticInit(java.lang.Object, java.lang.Object)'> (0x00000000eab36a08) 
thrown [s\src\hotspot\share\interpreter\linkResolver.cpp, line 759]
Event: 1.219 Thread 0x00000261ba79e160 Exception <a 'java/lang/NoSuchMethodError'{0x00000000eab3dee8}: 'int java.lang.invoke.DirectMethodHandle$Holder.invokeStaticInit(java.lang.Object, java.lang.Object)'> (0x00000000eab3dee8) 
thrown [s\src\hotspot\share\interpreter\linkResolver.cpp, line 759]
Event: 1.426 Thread 0x00000261ba79e160 Exception <a 'java/lang/NoSuchMethodError'{0x00000000eaccc220}: 'void java.lang.invoke.DirectMethodHandle$Holder.invokeSpecial(java.lang.Object, java.lang.Object, java.lang.Object)'> (0x00000000eaccc220) 
thrown [s\src\hotspot\share\interpreter\linkResolver.cpp, line 759]
Event: 1.916 Thread 0x00000261ba79e160 Exception <a 'java/lang/NoSuchMethodError'{0x00000000ebb1f9a8}: 'java.lang.Object java.lang.invoke.DirectMethodHandle$Holder.newInvokeSpecial(java.lang.Object, int, java.lang.Object)'> (0x00000000ebb1f9a8) 
thrown [s\src\hotspot\share\interpreter\linkResolver.cpp, line 759]
Event: 2.120 Thread 0x00000261ba79e160 Exception <a 'java/lang/OutOfMemoryError'{0x00000000ec103288}: unable to create native thread: possibly out of memory or process/resource limits reached> (0x00000000ec103288) 
thrown [s\src\hotspot\share\prims\jvm.cpp, line 2923]
Event: 2.120 Thread 0x00000261ba79e160 Exception <a 'java/lang/UnsatisfiedLinkError'{0x00000000ec103760}: 'void org.eclipse.equinox.launcher.JNIBridge._takedown_splash()'> (0x00000000ec103760) 
thrown [s\src\hotspot\share\prims\nativeLookup.cpp, line 543]

VM Operations (20 events):
Event: 0.262 Executing VM operation: HandshakeAllThreads
Event: 0.262 Executing VM operation: HandshakeAllThreads done
Event: 0.375 Executing VM operation: HandshakeAllThreads
Event: 0.375 Executing VM operation: HandshakeAllThreads done
Event: 0.773 Executing VM operation: HandshakeAllThreads
Event: 0.773 Executing VM operation: HandshakeAllThreads done
Event: 0.796 Executing VM operation: HandshakeAllThreads
Event: 0.797 Executing VM operation: HandshakeAllThreads done
Event: 1.189 Executing VM operation: ICBufferFull
Event: 1.189 Executing VM operation: ICBufferFull done
Event: 1.195 Executing VM operation: ParallelGCFailedAllocation
Event: 1.205 Executing VM operation: ParallelGCFailedAllocation done
Event: 1.880 Executing VM operation: HandshakeAllThreads
Event: 1.880 Executing VM operation: HandshakeAllThreads done
Event: 1.881 Executing VM operation: HandshakeAllThreads
Event: 1.881 Executing VM operation: HandshakeAllThreads done
Event: 1.892 Executing VM operation: HandshakeAllThreads
Event: 1.892 Executing VM operation: HandshakeAllThreads done
Event: 1.907 Executing VM operation: HandshakeAllThreads
Event: 1.907 Executing VM operation: HandshakeAllThreads done

Memory protections (0 events):
No events

Nmethod flushes (0 events):
No events

Events (13 events):
Event: 0.080 Thread 0x00000261ba79e160 Thread added: 0x00000261ba79e160
Event: 0.099 Thread 0x00000261ba79e160 Thread added: 0x00000261ce626010
Event: 0.100 Thread 0x00000261ba79e160 Thread added: 0x00000261ce628380
Event: 0.140 Thread 0x00000261ba79e160 Thread added: 0x00000261d36f0090
Event: 0.140 Thread 0x00000261ba79e160 Thread added: 0x00000261d371b010
Event: 0.140 Thread 0x00000261ba79e160 Thread added: 0x00000261d371c280
Event: 0.140 Thread 0x00000261ba79e160 Thread added: 0x00000261d371ed50
Event: 0.141 Thread 0x00000261ba79e160 Thread added: 0x00000261d3727050
Event: 0.141 Thread 0x00000261ba79e160 Thread added: 0x00000261d37281f0
Event: 0.141 Thread 0x00000261ba79e160 Thread added: 0x00000261d37313c0
Event: 0.226 Thread 0x00000261ba79e160 Thread added: 0x00000261d386b7e0
Event: 0.553 Thread 0x00000261ba79e160 Thread added: 0x00000261d4f9f610
Event: 1.864 Thread 0x00000261ba79e160 Thread added: 0x00000261d587e8e0


Dynamic libraries:
0x00007ff726560000 - 0x00007ff72656e000 	c:\Users\admin\.vscode\extensions\redhat.java-1.36.0-win32-x64\jre\17.0.13-win32-x86_64\bin\java.exe
0x00007ffb0b710000 - 0x00007ffb0b927000 	C:\WINDOWS\SYSTEM32\ntdll.dll
0x00007ffb0afd0000 - 0x00007ffb0b094000 	C:\WINDOWS\System32\KERNEL32.DLL
0x00007ffb08ca0000 - 0x00007ffb09059000 	C:\WINDOWS\System32\KERNELBASE.dll
0x00007ffb09220000 - 0x00007ffb09331000 	C:\WINDOWS\System32\ucrtbase.dll
0x00007ffaafc00000 - 0x00007ffaafc17000 	c:\Users\admin\.vscode\extensions\redhat.java-1.36.0-win32-x64\jre\17.0.13-win32-x86_64\bin\jli.dll
0x00007ffb0aa20000 - 0x00007ffb0abce000 	C:\WINDOWS\System32\USER32.dll
0x00007ffb08c70000 - 0x00007ffb08c96000 	C:\WINDOWS\System32\win32u.dll
0x00007ffb0b5b0000 - 0x00007ffb0b5d9000 	C:\WINDOWS\System32\GDI32.dll
0x00007ffb09060000 - 0x00007ffb0917b000 	C:\WINDOWS\System32\gdi32full.dll
0x00007ffb09180000 - 0x00007ffb0921a000 	C:\WINDOWS\System32\msvcp_win.dll
0x00007ffaeb960000 - 0x00007ffaebbf2000 	C:\WINDOWS\WinSxS\amd64_microsoft.windows.common-controls_6595b64144ccf1df_6.0.22621.4391_none_2715d37f73803e96\COMCTL32.dll
0x00007ffb0af20000 - 0x00007ffb0afc7000 	C:\WINDOWS\System32\msvcrt.dll
0x00007ffaafc20000 - 0x00007ffaafc3e000 	c:\Users\admin\.vscode\extensions\redhat.java-1.36.0-win32-x64\jre\17.0.13-win32-x86_64\bin\VCRUNTIME140.dll
0x00007ffb0ad70000 - 0x00007ffb0ada1000 	C:\WINDOWS\System32\IMM32.DLL
0x00007ffaf1870000 - 0x00007ffaf187c000 	c:\Users\admin\.vscode\extensions\redhat.java-1.36.0-win32-x64\jre\17.0.13-win32-x86_64\bin\vcruntime140_1.dll
0x00007ffaafb70000 - 0x00007ffaafbfd000 	c:\Users\admin\.vscode\extensions\redhat.java-1.36.0-win32-x64\jre\17.0.13-win32-x86_64\bin\msvcp140.dll
0x00007ffa69650000 - 0x00007ffa6a2bb000 	c:\Users\admin\.vscode\extensions\redhat.java-1.36.0-win32-x64\jre\17.0.13-win32-x86_64\bin\server\jvm.dll
0x00007ffb09c70000 - 0x00007ffb09d22000 	C:\WINDOWS\System32\ADVAPI32.dll
0x00007ffb09a60000 - 0x00007ffb09b07000 	C:\WINDOWS\System32\sechost.dll
0x00007ffb08c40000 - 0x00007ffb08c68000 	C:\WINDOWS\System32\bcrypt.dll
0x00007ffb0b430000 - 0x00007ffb0b544000 	C:\WINDOWS\System32\RPCRT4.dll
0x00007ffb0a680000 - 0x00007ffb0a6f1000 	C:\WINDOWS\System32\WS2_32.dll
0x00007ffb07860000 - 0x00007ffb078ad000 	C:\WINDOWS\SYSTEM32\POWRPROF.dll
0x00007ffafe570000 - 0x00007ffafe57a000 	C:\WINDOWS\SYSTEM32\VERSION.dll
0x00007ffafcef0000 - 0x00007ffafcf24000 	C:\WINDOWS\SYSTEM32\WINMM.dll
0x00007ffb07840000 - 0x00007ffb07853000 	C:\WINDOWS\SYSTEM32\UMPDC.dll
0x00007ffb07b00000 - 0x00007ffb07b18000 	C:\WINDOWS\SYSTEM32\kernel.appcore.dll
0x00007ffaf0ef0000 - 0x00007ffaf0efa000 	c:\Users\admin\.vscode\extensions\redhat.java-1.36.0-win32-x64\jre\17.0.13-win32-x86_64\bin\jimage.dll
0x00007ffb06340000 - 0x00007ffb06572000 	C:\WINDOWS\SYSTEM32\DBGHELP.DLL
0x00007ffb0b0a0000 - 0x00007ffb0b42f000 	C:\WINDOWS\System32\combase.dll
0x00007ffb0b5f0000 - 0x00007ffb0b6c7000 	C:\WINDOWS\System32\OLEAUT32.dll
0x00007ffad9850000 - 0x00007ffad9882000 	C:\WINDOWS\SYSTEM32\dbgcore.DLL
0x00007ffb093b0000 - 0x00007ffb0942b000 	C:\WINDOWS\System32\bcryptPrimitives.dll
0x00007ffaf0430000 - 0x00007ffaf043e000 	c:\Users\admin\.vscode\extensions\redhat.java-1.36.0-win32-x64\jre\17.0.13-win32-x86_64\bin\instrument.dll
0x00007ffaafb40000 - 0x00007ffaafb65000 	c:\Users\admin\.vscode\extensions\redhat.java-1.36.0-win32-x64\jre\17.0.13-win32-x86_64\bin\java.dll
0x00007ffaafb20000 - 0x00007ffaafb38000 	c:\Users\admin\.vscode\extensions\redhat.java-1.36.0-win32-x64\jre\17.0.13-win32-x86_64\bin\zip.dll
0x00007ffb09e00000 - 0x00007ffb0a676000 	C:\WINDOWS\System32\SHELL32.dll
0x00007ffb06910000 - 0x00007ffb07213000 	C:\WINDOWS\SYSTEM32\windows.storage.dll
0x00007ffb067d0000 - 0x00007ffb0690f000 	C:\WINDOWS\SYSTEM32\wintypes.dll
0x00007ffb0abd0000 - 0x00007ffb0acc9000 	C:\WINDOWS\System32\SHCORE.dll
0x00007ffb0b550000 - 0x00007ffb0b5ae000 	C:\WINDOWS\System32\shlwapi.dll
0x00007ffb08940000 - 0x00007ffb0896b000 	C:\WINDOWS\SYSTEM32\profapi.dll
0x00007ffaafb00000 - 0x00007ffaafb19000 	C:\Users\admin\.vscode\extensions\redhat.java-1.36.0-win32-x64\jre\17.0.13-win32-x86_64\bin\net.dll
0x00007ffafe430000 - 0x00007ffafe566000 	C:\WINDOWS\SYSTEM32\WINHTTP.dll
0x00007ffb07f80000 - 0x00007ffb07fe9000 	C:\WINDOWS\system32\mswsock.dll
0x00007ffaafae0000 - 0x00007ffaafaf6000 	C:\Users\admin\.vscode\extensions\redhat.java-1.36.0-win32-x64\jre\17.0.13-win32-x86_64\bin\nio.dll
0x00007ffaeffe0000 - 0x00007ffaefff0000 	c:\Users\admin\.vscode\extensions\redhat.java-1.36.0-win32-x64\jre\17.0.13-win32-x86_64\bin\verify.dll
0x00007ffaaf7f0000 - 0x00007ffaaf835000 	C:\Users\admin\AppData\Roaming\Code\User\globalStorage\redhat.java\1.36.0\config_win\org.eclipse.equinox.launcher\org.eclipse.equinox.launcher.win32.win32.x86_64_1.2.1100.v20240722-2106\eclipse_11904.dll
0x00007ffb09430000 - 0x00007ffb095d5000 	C:\WINDOWS\System32\ole32.dll

dbghelp: loaded successfully - version: 4.0.5 - missing functions: none
symbol engine: initialized successfully - sym options: 0x614 - pdb path: .;c:\Users\admin\.vscode\extensions\redhat.java-1.36.0-win32-x64\jre\17.0.13-win32-x86_64\bin;C:\WINDOWS\SYSTEM32;C:\WINDOWS\WinSxS\amd64_microsoft.windows.common-controls_6595b64144ccf1df_6.0.22621.4391_none_2715d37f73803e96;c:\Users\admin\.vscode\extensions\redhat.java-1.36.0-win32-x64\jre\17.0.13-win32-x86_64\bin\server;C:\Users\admin\AppData\Roaming\Code\User\globalStorage\redhat.java\1.36.0\config_win\org.eclipse.equinox.launcher\org.eclipse.equinox.launcher.win32.win32.x86_64_1.2.1100.v20240722-2106

VM Arguments:
jvm_args: --add-modules=ALL-SYSTEM --add-opens=java.base/java.util=ALL-UNNAMED --add-opens=java.base/java.lang=ALL-UNNAMED --add-opens=java.base/sun.nio.fs=ALL-UNNAMED -Declipse.application=org.eclipse.jdt.ls.core.id1 -Dosgi.bundles.defaultStartLevel=4 -Declipse.product=org.eclipse.jdt.ls.core.product -Djava.import.generatesMetadataFilesAtProjectRoot=false -DDetectVMInstallationsJob.disabled=true -Dfile.encoding=utf8 -XX:+UseParallelGC -XX:GCTimeRatio=4 -XX:AdaptiveSizePolicyWeight=90 -Dsun.zip.disableMemoryMapping=true -Xmx1G -Xms100m -Xlog:disable -javaagent:c:\Users\admin\.vscode\extensions\redhat.java-1.36.0-win32-x64\lombok\lombok-1.18.35.jar -XX:+HeapDumpOnOutOfMemoryError -XX:HeapDumpPath=c:\Users\admin\AppData\Roaming\Code\User\workspaceStorage\fb35b4208c1a76ab1114ea2d4130e2df\redhat.java -Daether.dependencyCollector.impl=bf 
java_command: c:\Users\admin\.vscode\extensions\redhat.java-1.36.0-win32-x64\server\plugins\org.eclipse.equinox.launcher_1.6.900.v20240613-2009.jar -configuration c:\Users\admin\AppData\Roaming\Code\User\globalStorage\redhat.java\1.36.0\config_win -data c:\Users\admin\AppData\Roaming\Code\User\workspaceStorage\fb35b4208c1a76ab1114ea2d4130e2df\redhat.java\jdt_ws --pipe=\\.\pipe\lsp-950a08a01166bf3eb84cb6a3532e60b1-sock
java_class_path (initial): c:\Users\admin\.vscode\extensions\redhat.java-1.36.0-win32-x64\server\plugins\org.eclipse.equinox.launcher_1.6.900.v20240613-2009.jar
Launcher Type: SUN_STANDARD

[Global flags]
    uintx AdaptiveSizePolicyWeight                 = 90                                        {product} {command line}
     intx CICompilerCount                          = 4                                         {product} {ergonomic}
    uintx GCTimeRatio                              = 4                                         {product} {command line}
     bool HeapDumpOnOutOfMemoryError               = true                                   {manageable} {command line}
    ccstr HeapDumpPath                             = c:\Users\admin\AppData\Roaming\Code\User\workspaceStorage\fb35b4208c1a76ab1114ea2d4130e2df\redhat.java         {manageable} {command line}
   size_t InitialHeapSize                          = 104857600                                 {product} {command line}
   size_t MaxHeapSize                              = 1073741824                                {product} {command line}
   size_t MaxNewSize                               = 357564416                                 {product} {ergonomic}
   size_t MinHeapDeltaBytes                        = 524288                                    {product} {ergonomic}
   size_t MinHeapSize                              = 104857600                                 {product} {command line}
   size_t NewSize                                  = 34603008                                  {product} {ergonomic}
    uintx NonNMethodCodeHeapSize                   = 5839372                                {pd product} {ergonomic}
    uintx NonProfiledCodeHeapSize                  = 122909434                              {pd product} {ergonomic}
   size_t OldSize                                  = 70254592                                  {product} {ergonomic}
    uintx ProfiledCodeHeapSize                     = 122909434                              {pd product} {ergonomic}
    uintx ReservedCodeCacheSize                    = 251658240                              {pd product} {ergonomic}
     bool SegmentedCodeCache                       = true                                      {product} {ergonomic}
   size_t SoftMaxHeapSize                          = 1073741824                             {manageable} {ergonomic}
     bool UseCompressedClassPointers               = true                           {product lp64_product} {ergonomic}
     bool UseCompressedOops                        = true                           {product lp64_product} {ergonomic}
     bool UseLargePagesIndividualAllocation        = false                                  {pd product} {ergonomic}
     bool UseParallelGC                            = true                                      {product} {command line}

Logging:
Log output configuration:
 #0: stdout all=off uptime,level,tags
 #1: stderr all=off uptime,level,tags

Environment Variables:
PATH=C:\Program Files\Python310\Scripts\;C:\Program Files\Python310\;C:\Program Files\NVIDIA GPU Computing Toolkit\CUDA\v12.1\bin;C:\Program Files\NVIDIA GPU Computing Toolkit\CUDA\v12.1\libnvvp;C:\ffmpeg\bin;C:\Program Files\Common Files\Oracle\Java\javapath;C:\Program Files (x86)\Common Files\Oracle\Java\javapath;C:\WINDOWS\system32;C:\WINDOWS;C:\WINDOWS\System32\Wbem;C:\WINDOWS\System32\WindowsPowerShell\v1.0\;C:\WINDOWS\System32\OpenSSH\;C:\msys64\mingw64\bin;C:\Program Files\dotnet\;C:\Program Files\nodejs\;C:\Program Files\Git\cmd;C:\Users\admin\scoop\shims;C:\Users\admin\AppData\Local\Microsoft\WindowsApps;C:\Users\admin\AppData\Local\Programs\Microsoft VS Code\bin;C:\Users\admin\AppData\Roaming\npm;C:\Program Files\CMake\bin;C:\Program Files (x86)\NVIDIA Corporation\PhysX\Common;C:\Program Files\NVIDIA Corporation\NVIDIA NvDLISR;C:\Program Files\NVIDIA Corporation\Nsight Compute 2023.1.0\;C:\Program Files\PostgreSQL\17\bin;C:\Program Files\PostgreSQL\17\lib;C:\Program Files\Docker\Docker\resources\bin;C:\ProgramData\chocolatey\bin;;C:\Program Files\Git LFS;C:\Users\admin\.cargo\bin;C:\Users\admin\scoop\shims;C:\Users\admin\AppData\Local\Microsoft\WindowsApps;C:\Users\admin\AppData\Local\Programs\Microsoft VS Code\bin;C:\Users\admin\AppData\Roaming\npm;C:\Users\admin\AppData\Local\GitHubDesktop\bin;C:\Users\admin\AppData\Local\Google\Cloud SDK\google-cloud-sdk\bin;c:\users\admin\.local\bin;c:\users\admin\appdata\roaming\python\python310\scripts
USERNAME=admin
OS=Windows_NT
PROCESSOR_IDENTIFIER=Intel64 Family 6 Model 141 Stepping 1, GenuineIntel
TMP=C:\Users\admin\AppData\Local\Temp
TEMP=C:\Users\admin\AppData\Local\Temp



Periodic native trim disabled


---------------  S Y S T E M  ---------------

OS:
 Windows 11 , 64 bit Build 22621 (10.0.22621.4391)
OS uptime: 8 days 15:24 hours
Hyper-V role detected

CPU: total 12 (initial active 12) (6 cores per cpu, 2 threads per core) family 6 model 141 stepping 1 microcode 0x3c, cx8, cmov, fxsr, ht, mmx, 3dnowpref, sse, sse2, sse3, ssse3, sse4.1, sse4.2, popcnt, lzcnt, tsc, tscinvbit, avx, avx2, aes, erms, clmul, bmi1, bmi2, adx, avx512f, avx512dq, avx512cd, avx512bw, avx512vl, sha, fma, vzeroupper, avx512_vpopcntdq, avx512_vpclmulqdq, avx512_vaes, avx512_vnni, clflush, clflushopt, clwb, avx512_vbmi2, avx512_vbmi, hv
Processor Information for all 12 processors :
  Max Mhz: 2688, Current Mhz: 2688, Mhz Limit: 2688

Memory: 4k page, system-wide physical 7971M (142M free)
TotalPageFile size 32547M (AvailPageFile size 2M)
current process WorkingSet (physical memory assigned to process): 85M, peak: 85M
current process commit charge ("private bytes"): 212M, peak: 212M

vm_info: OpenJDK 64-Bit Server VM (17.0.13+11) for windows-amd64 JRE (17.0.13+11), built on Oct 16 2024 00:10:08 by "admin" with MS VC++ 17.7 (VS2022)

END.
